{
  "stats": {
    "suites": 1,
    "tests": 1,
    "passes": 1,
    "pending": 0,
    "failures": 0,
    "start": "2023-08-16T17:18:18.259Z",
    "end": "2023-08-16T17:18:20.546Z",
    "duration": 2287,
    "testsRegistered": 1,
    "passPercent": 100,
    "pendingPercent": 0,
    "other": 0,
    "hasOther": false,
    "skipped": 0,
    "hasSkipped": false
  },
  "results": [
    {
      "uuid": "94b8a68d-ff68-4a00-92e5-83b244e1417f",
      "title": "",
      "fullFile": "cypress\\e2e\\login-incorreto.cy,.cy.js",
      "file": "cypress\\e2e\\login-incorreto.cy,.cy.js",
      "beforeHooks": [],
      "afterHooks": [],
      "tests": [],
      "suites": [
        {
          "uuid": "d9694ae9-153b-4459-9176-0cd3a272cab5",
          "title": "Pagina de login",
          "fullFile": "",
          "file": "",
          "beforeHooks": [],
          "afterHooks": [],
          "tests": [
            {
              "title": "Mensagens de campos incorreto",
              "fullTitle": "Pagina de login Mensagens de campos incorreto",
              "timedOut": null,
              "duration": 845,
              "state": "passed",
              "speed": "fast",
              "pass": true,
              "fail": false,
              "pending": false,
              "context": null,
              "code": "cy.visit('https://3076-cypress-alurapic-front.vercel.app/.');\ncy.contains('User name is required!').should('be.visible');\ncy.contains('Password is required').should('be.visible');",
              "err": {},
              "uuid": "7a19129a-e3c0-436a-a26f-82b1cbfcb98d",
              "parentUUID": "d9694ae9-153b-4459-9176-0cd3a272cab5",
              "isHook": false,
              "skipped": false
            }
          ],
          "suites": [],
          "passes": [
            "7a19129a-e3c0-436a-a26f-82b1cbfcb98d"
          ],
          "failures": [],
          "pending": [],
          "skipped": [],
          "duration": 845,
          "root": false,
          "rootEmpty": false,
          "_timeout": 2000
        }
      ],
      "passes": [],
      "failures": [],
      "pending": [],
      "skipped": [],
      "duration": 0,
      "root": true,
      "rootEmpty": true,
      "_timeout": 2000
    }
  ],
  "meta": {
    "mocha": {
      "version": "7.0.1"
    },
    "mochawesome": {
      "options": {
        "quiet": false,
        "reportFilename": "mochawesome",
        "saveHtml": true,
        "saveJson": true,
        "consoleReporter": "spec",
        "useInlineDiffs": false,
        "code": true
      },
      "version": "7.1.3"
    },
    "marge": {
      "options": null,
      "version": "6.2.0"
    }
  }
}